This is pdfTeXk, Version 3.141592-1.40.3 (Web2C 7.5.6) (format=pdflatex 2014.1.9)  13 FEB 2014 23:31
entering extended mode
 %&-line parsing enabled.
**DeltaZDistributions.tex
(./DeltaZDistributions.tex
LaTeX2e <2005/12/01>
Babel <v3.8h> and hyphenation patterns for english, usenglishmax, dumylang, noh
yphenation, arabic, basque, bulgarian, coptic, welsh, czech, slovak, german, ng
erman, danish, esperanto, spanish, catalan, galician, estonian, farsi, finnish,
 french, greek, monogreek, ancientgreek, croatian, hungarian, interlingua, ibyc
us, indonesian, icelandic, italian, latin, mongolian, dutch, norsk, polish, por
tuguese, pinyin, romanian, russian, slovenian, uppersorbian, serbian, swedish, 
turkish, ukenglish, ukrainian, loaded.
(/usr/share/texmf/tex/latex/beamer/beamer.cls
(/usr/share/texmf/tex/latex/beamer/beamerbasercs.sty
Package: beamerbasercs 2004/10/07 (rcs-revision 1.3)
)
Document Class: beamer 2005/10/23 cvs version 3.06 A class for typesetting pres
entations (rcs-revision 1.67)
(/usr/share/texmf/tex/latex/beamer/beamerbasemodes.sty
Package: beamerbasemodes 2004/12/09 (rcs-revision 1.21)
\beamer@tempbox=\box26
\beamer@tempcount=\count79
\c@beamerpauses=\count80

(/usr/share/texmf/tex/latex/beamer/beamerbasedecode.sty
Package: beamerbasedecode 2005/05/09 (rcs-revision 1.18)
\beamer@slideinframe=\count81
\beamer@minimum=\count82
)
\beamer@commentbox=\box27
\beamer@modecount=\count83
)
\headheight=\dimen102
\headdp=\dimen103
\footheight=\dimen104
\sidebarheight=\dimen105
\beamer@tempdim=\dimen106
\beamer@finalheight=\dimen107
\beamer@animht=\dimen108
\beamer@animdp=\dimen109
\beamer@animwd=\dimen110
\beamer@leftmargin=\dimen111
\beamer@rightmargin=\dimen112
\beamer@leftsidebar=\dimen113
\beamer@rightsidebar=\dimen114
\beamer@boxsize=\dimen115
\beamer@vboxoffset=\dimen116
\beamer@descdefault=\dimen117
\beamer@descriptionwidth=\dimen118
\beamer@lastskip=\skip41
\beamer@areabox=\box28
\beamer@animcurrent=\box29
\beamer@animshowbox=\box30
\beamer@sectionbox=\box31
\beamer@logobox=\box32
\beamer@linebox=\box33
\beamer@sectioncount=\count84
\beamer@subsubsectionmax=\count85
\beamer@subsectionmax=\count86
\beamer@sectionmax=\count87
\beamer@totalheads=\count88
\beamer@headcounter=\count89
\beamer@partstartpage=\count90
\beamer@sectionstartpage=\count91
\beamer@subsectionstartpage=\count92
\beamer@animationtempa=\count93
\beamer@animationtempb=\count94
\beamer@xpos=\count95
\beamer@ypos=\count96
\beamer@showpartnumber=\count97
\beamer@currentsubsection=\count98
\beamer@coveringdepth=\count99
\beamer@sectionadjust=\count100
\beamer@tocsectionnumber=\count101

(/usr/share/texmf/tex/latex/beamer/beamerbaseoptions.sty
Package: beamerbaseoptions 2004/11/15 (rcs-revision 1.7)

(/usr/share/texmf/tex/latex/graphics/keyval.sty
Package: keyval 1999/03/16 v1.13 key=value parser (DPC)
\KV@toks@=\toks14
))
(/usr/share/texmf/tex/latex/pgf/basiclayer/pgfcore.sty
(/usr/share/texmf/tex/latex/graphics/graphicx.sty
Package: graphicx 1999/02/16 v1.0f Enhanced LaTeX Graphics (DPC,SPQR)

(/usr/share/texmf/tex/latex/graphics/graphics.sty
Package: graphics 2006/02/20 v1.0o Standard LaTeX Graphics (DPC,SPQR)

(/usr/share/texmf/tex/latex/graphics/trig.sty
Package: trig 1999/03/16 v1.09 sin cos tan (DPC)
)
(/usr/share/texmf/tex/latex/config/graphics.cfg
File: graphics.cfg 2007/01/18 v1.5 graphics configuration of teTeX/TeXLive
)
Package graphics Info: Driver file: pdftex.def on input line 90.

(/usr/share/texmf/tex/latex/pdftex-def/pdftex.def
File: pdftex.def 2007/01/08 v0.04d Graphics/color for pdfTeX
\Gread@gobject=\count102
))
\Gin@req@height=\dimen119
\Gin@req@width=\dimen120
)
(/usr/share/texmf/tex/latex/pgf/systemlayer/pgfsys.sty
(/usr/share/texmf/tex/latex/pgf/utilities/pgfrcs.sty
(/usr/share/texmf/tex/generic/pgf/utilities/pgfutil-common.tex)
(/usr/share/texmf/tex/generic/pgf/utilities/pgfutil-latex.def)
(/usr/share/texmf/tex/generic/pgf/utilities/pgfrcs.code.tex
Package: pgfrcs 2006/10/26 v1.10 (rcs-revision 1.14)
))
(/usr/share/texmf/tex/generic/pgf/systemlayer/pgfsys.code.tex
Package: pgfsys 2006/10/16 v1.10 (rcs-revision 1.19)
\pgf@x=\dimen121
\pgf@y=\dimen122
\pgf@xa=\dimen123
\pgf@ya=\dimen124
\pgf@xb=\dimen125
\pgf@yb=\dimen126
\pgf@xc=\dimen127
\pgf@yc=\dimen128

(/usr/share/texmf/tex/generic/pgf/systemlayer/pgf.cfg
File: pgf.cfg 2006/10/11  (rcs-revision 1.2)
)
Package pgfsys Info: Driver file for pgf: pgfsys-pdftex.def on input line 845.

(/usr/share/texmf/tex/generic/pgf/systemlayer/pgfsys-pdftex.def
File: pgfsys-pdftex.def 2006/10/23  (rcs-revision 1.14)

(/usr/share/texmf/tex/generic/pgf/systemlayer/pgfsys-common-pdf.def
File: pgfsys-common-pdf.def 2006/10/16  (rcs-revision 1.7)
)))
(/usr/share/texmf/tex/generic/pgf/systemlayer/pgfsyssoftpath.code.tex
File: pgfsyssoftpath.code.tex 2006/10/16  (rcs-revision 1.4)
)
(/usr/share/texmf/tex/generic/pgf/systemlayer/pgfsysprotocol.code.tex
File: pgfsysprotocol.code.tex 2006/10/16  (rcs-revision 1.4)
))
(/usr/share/texmf/tex/latex/xcolor/xcolor.sty
Package: xcolor 2007/01/21 v2.11 LaTeX color extensions (UK)

(/usr/share/texmf/tex/latex/config/color.cfg
File: color.cfg 2007/01/18 v1.5 color configuration of teTeX/TeXLive
)
Package xcolor Info: Driver file: pdftex.def on input line 225.
Package xcolor Info: Model `cmy' substituted by `cmy0' on input line 1337.
Package xcolor Info: Model `hsb' substituted by `rgb' on input line 1341.
Package xcolor Info: Model `RGB' extended on input line 1353.
Package xcolor Info: Model `HTML' substituted by `rgb' on input line 1355.
Package xcolor Info: Model `Hsb' substituted by `hsb' on input line 1356.
Package xcolor Info: Model `tHsb' substituted by `hsb' on input line 1357.
Package xcolor Info: Model `HSB' substituted by `hsb' on input line 1358.
Package xcolor Info: Model `Gray' substituted by `gray' on input line 1359.
Package xcolor Info: Model `wave' substituted by `hsb' on input line 1360.
)
(/usr/share/texmf/tex/generic/pgf/basiclayer/pgfcore.code.tex
Package: pgfcore 2006/10/11 v1.10 (rcs-revision 1.4)

(/usr/share/texmf/tex/generic/pgf/basiclayer/pgfcoremath.code.tex
File: pgfcoremath.code.tex 2006/10/15  (rcs-revision 1.3)
\c@pgf@counta=\count103
\c@pgf@countb=\count104
\c@pgf@countc=\count105
\c@pgf@countd=\count106
)
(/usr/share/texmf/tex/generic/pgf/basiclayer/pgfcorepoints.code.tex
File: pgfcorepoints.code.tex 2006/10/16  (rcs-revision 1.7)
\pgf@picminx=\dimen129
\pgf@picmaxx=\dimen130
\pgf@picminy=\dimen131
\pgf@picmaxy=\dimen132
\pgf@pathminx=\dimen133
\pgf@pathmaxx=\dimen134
\pgf@pathminy=\dimen135
\pgf@pathmaxy=\dimen136
\pgf@tempdim=\dimen137
\c@pgf@tempcount=\count107
\pgf@xx=\dimen138
\pgf@xy=\dimen139
\pgf@yx=\dimen140
\pgf@yy=\dimen141
\pgf@zx=\dimen142
\pgf@zy=\dimen143
)
(/usr/share/texmf/tex/generic/pgf/basiclayer/pgfcorepathconstruct.code.tex
File: pgfcorepathconstruct.code.tex 2006/10/16  (rcs-revision 1.6)
\pgf@path@lastx=\dimen144
\pgf@path@lasty=\dimen145
)
(/usr/share/texmf/tex/generic/pgf/basiclayer/pgfcorepathusage.code.tex
File: pgfcorepathusage.code.tex 2006/10/16  (rcs-revision 1.7)
\pgf@shorten@end@additional=\dimen146
\pgf@shorten@start@additional=\dimen147
)
(/usr/share/texmf/tex/generic/pgf/basiclayer/pgfcorescopes.code.tex
File: pgfcorescopes.code.tex 2006/10/23  (rcs-revision 1.20)
\pgfpic=\box34
\pgf@hbox=\box35
\pgf@layerbox@main=\box36
\pgf@picture@serial@count=\count108
)
(/usr/share/texmf/tex/generic/pgf/basiclayer/pgfcoregraphicstate.code.tex
File: pgfcoregraphicstate.code.tex 2006/10/16  (rcs-revision 1.6)
\pgflinewidth=\dimen148
)
(/usr/share/texmf/tex/generic/pgf/basiclayer/pgfcoretransformations.code.tex
File: pgfcoretransformations.code.tex 2006/10/11  (rcs-revision 1.4)
\pgf@pt@x=\dimen149
\pgf@pt@y=\dimen150
\pgf@pt@temp=\dimen151
)
(/usr/share/texmf/tex/generic/pgf/basiclayer/pgfcorequick.code.tex
File: pgfcorequick.code.tex 2006/10/11  (rcs-revision 1.2)
)
(/usr/share/texmf/tex/generic/pgf/basiclayer/pgfcoreobjects.code.tex
File: pgfcoreobjects.code.tex 2006/10/11  (rcs-revision 1.2)
)
(/usr/share/texmf/tex/generic/pgf/basiclayer/pgfcorepathprocessing.code.tex
File: pgfcorepathprocessing.code.tex 2006/10/16  (rcs-revision 1.5)
)
(/usr/share/texmf/tex/generic/pgf/basiclayer/pgfcorearrows.code.tex
File: pgfcorearrows.code.tex 2006/10/16  (rcs-revision 1.6)
)
(/usr/share/texmf/tex/generic/pgf/basiclayer/pgfcoreshade.code.tex
File: pgfcoreshade.code.tex 2006/10/16  (rcs-revision 1.7)
\pgf@max=\dimen152
\pgf@sys@shading@range@num=\count109
)))
(/usr/share/texmf/tex/latex/pgf/basiclayer/pgfbaseimage.sty
(/usr/share/texmf/tex/generic/pgf/basiclayer/pgfbaseimage.code.tex
Package: pgfbaseimage 2006/10/16 v1.10 (rcs-revision 1.5)
))
(/usr/share/texmf/tex/latex/pgf/utilities/xxcolor.sty
Package: xxcolor 2003/10/24 ver 0.1
\XC@nummixins=\count110
\XC@countmixins=\count111
)
(/usr/share/texmf/tex/latex/amsfonts/amssymb.sty
Package: amssymb 2002/01/22 v2.2d

(/usr/share/texmf/tex/latex/amsfonts/amsfonts.sty
Package: amsfonts 2001/10/25 v2.2f
\@emptytoks=\toks15
\symAMSa=\mathgroup4
\symAMSb=\mathgroup5
LaTeX Font Info:    Overwriting math alphabet `\mathfrak' in version `bold'
(Font)                  U/euf/m/n --> U/euf/b/n on input line 132.
))
(/usr/share/texmf/tex/latex/geometry/geometry.sty
Package: geometry 2002/07/08 v3.2 Page Geometry
\Gm@cnth=\count112
\Gm@cntv=\count113
\c@Gm@tempcnt=\count114
\Gm@bindingoffset=\dimen153
\Gm@wd@mp=\dimen154
\Gm@odd@mp=\dimen155
\Gm@even@mp=\dimen156
\Gm@dimlist=\toks16
)
(/usr/share/texmf/tex/latex/hyperref/hyperref.sty
Package: hyperref 2007/02/07 v6.75r Hypertext links for LaTeX
\@linkdim=\dimen157
\Hy@linkcounter=\count115
\Hy@pagecounter=\count116

(/usr/share/texmf/tex/latex/hyperref/pd1enc.def
File: pd1enc.def 2007/02/07 v6.75r Hyperref: PDFDocEncoding definition (HO)
)
(/usr/share/texmf/tex/latex/config/hyperref.cfg
File: hyperref.cfg 2002/06/06 v1.2 hyperref configuration of TeXLive
)
(/usr/share/texmf/tex/latex/oberdiek/kvoptions.sty
Package: kvoptions 2006/08/22 v2.4 Connects package keyval with LaTeX options (
HO)
)
Package hyperref Info: Option `bookmarks' set `true' on input line 2238.
Package hyperref Info: Option `bookmarksopen' set `true' on input line 2238.
Package hyperref Info: Option `implicit' set `false' on input line 2238.
Package hyperref Info: Hyper figures OFF on input line 2288.
Package hyperref Info: Link nesting OFF on input line 2293.
Package hyperref Info: Hyper index ON on input line 2296.
Package hyperref Info: Plain pages OFF on input line 2303.
Package hyperref Info: Backreferencing OFF on input line 2308.

Implicit mode OFF; no redefinition of LaTeX internals
Package hyperref Info: Bookmarks ON on input line 2444.
(/usr/share/texmf/tex/latex/html/url.sty
Package: url 1999/03/02  ver 1.4  Verb mode for urls, email addresses, and file
 names
)
LaTeX Info: Redefining \url on input line 2599.
\Fld@menulength=\count117
\Field@Width=\dimen158
\Fld@charsize=\dimen159
\Choice@toks=\toks17
\Field@toks=\toks18
Package hyperref Info: Hyper figures OFF on input line 3102.
Package hyperref Info: Link nesting OFF on input line 3107.
Package hyperref Info: Hyper index ON on input line 3110.
Package hyperref Info: backreferencing OFF on input line 3117.
Package hyperref Info: Link coloring OFF on input line 3122.


Package hyperref Warning: Option `pdfpagelabels' is turned off
(hyperref)                because \thepage is undefined.

Hyperref stopped early
)
*hyperref using default driver hpdftex*
(/usr/share/texmf/tex/latex/hyperref/hpdftex.def
File: hpdftex.def 2007/02/07 v6.75r Hyperref driver for pdfTeX
\Fld@listcount=\count118
)
(/usr/share/texmf/tex/latex/extsizes/size8.clo
File: size8.clo 1999/11/11 v1.4a NON-Standard LaTeX file (size option)
)
(/usr/share/texmf/tex/latex/beamer/beamerbasecompatibility.sty
Package: beamerbasecompatibility 2005/01/25  (rcs-revision 1.60)
)
(/usr/share/texmf/tex/latex/beamer/beamerbasefont.sty
Package: beamerbasefont 2005/05/17  (rcs-revision 1.15)
)
(/usr/share/texmf/tex/latex/beamer/beamerbasemisc.sty
Package: beamerbasemisc 2005/05/17  (rcs-revision 1.23)
)
(/usr/share/texmf/tex/latex/beamer/beamerbasetwoscreens.sty
Package: beamerbasetwoscreens 2005/10/14  (rcs-revision 1.6)
)
(/usr/share/texmf/tex/latex/beamer/beamerbaseoverlay.sty
Package: beamerbaseoverlay 2005/05/18  (rcs-revision 1.49)
\beamer@argscount=\count119
\beamer@lastskipcover=\skip42
\beamer@trivlistdepth=\count120
)
(/usr/share/texmf/tex/latex/beamer/beamerbasetitle.sty
Package: beamerbasetitle 2005/10/23  (rcs-revision 1.23)
)
(/usr/share/texmf/tex/latex/beamer/beamerbasesection.sty
Package: beamerbasesection 2005/04/20  (rcs-revision 1.18)
\c@lecture=\count121
\c@part=\count122
\c@section=\count123
\c@subsection=\count124
\c@subsubsection=\count125
)
(/usr/share/texmf/tex/latex/beamer/beamerbaseframe.sty
Package: beamerbaseframe 2005/06/02  (rcs-revision 1.58)
\beamer@framebox=\box37
\beamer@frametitlebox=\box38
\beamer@zoombox=\box39
\beamer@zoomcount=\count126
\beamer@zoomframecount=\count127
\beamer@frametextheight=\dimen160
\c@subsectionslide=\count128
\beamer@frametopskip=\skip43
\beamer@framebottomskip=\skip44
\beamer@frametopskipautobreak=\skip45
\beamer@framebottomskipautobreak=\skip46
\beamer@envbody=\toks19
\c@framenumber=\count129
)
(/usr/share/texmf/tex/latex/beamer/beamerbaseverbatim.sty
Package: beamerbaseverbatim 2005/04/12  (rcs-revision 1.6)
\beamer@verbatimfileout=\write3
)
(/usr/share/texmf/tex/latex/beamer/beamerbaseframesize.sty
Package: beamerbaseframesize 2005/06/09  (rcs-revision 1.17)
\beamer@splitbox=\box40
\beamer@autobreakcount=\count130
\beamer@autobreaklastheight=\dimen161
\beamer@frametitletoks=\toks20
\beamer@framesubtitletoks=\toks21
)
(/usr/share/texmf/tex/latex/beamer/beamerbaseframecomponents.sty
Package: beamerbaseframecomponents 2004/11/08  (rcs-revision 1.40)
\beamer@footins=\box41
)
(/usr/share/texmf/tex/latex/beamer/beamerbasecolor.sty
Package: beamerbasecolor 2005/01/25  (rcs-revision 1.41)
)
(/usr/share/texmf/tex/latex/beamer/beamerbasenotes.sty
Package: beamerbasenotes 2005/10/14  (rcs-revision 1.22)
\beamer@frameboxcopy=\box42
)
(/usr/share/texmf/tex/latex/beamer/beamerbasetoc.sty
Package: beamerbasetoc 2004/12/09  (rcs-revision 1.20)
)
(/usr/share/texmf/tex/latex/beamer/beamerbasetemplates.sty
Package: beamerbasetemplates 2004/10/07  (rcs-revision 1.50)
\beamer@sbttoks=\toks22

(/usr/share/texmf/tex/latex/beamer/beamerbaseauxtemplates.sty
Package: beamerbaseauxtemplates 2005/06/09  (rcs-revision 1.27)

(/usr/share/texmf/tex/latex/beamer/beamerbaseboxes.sty
Package: beamerbaseboxes 2005/06/09  (rcs-revision 1.28)
\bmb@box=\box43
\bmb@colorbox=\box44
\bmb@boxshadow=\box45
\bmb@boxshadowball=\box46
\bmb@boxshadowballlarge=\box47
\bmb@temp=\dimen162
\bmb@dima=\dimen163
\bmb@dimb=\dimen164
\bmb@prevheight=\dimen165
)
\beamer@blockheadheight=\dimen166
))
(/usr/share/texmf/tex/latex/beamer/beamerbaselocalstructure.sty
Package: beamerbaselocalstructure 2005/04/20  (rcs-revision 1.51)

(/usr/share/texmf/tex/latex/tools/enumerate.sty
Package: enumerate 1999/03/05 v3.00 enumerate extensions (DPC)
\@enLab=\toks23
)
\c@figure=\count131
\c@table=\count132
\abovecaptionskip=\skip47
\belowcaptionskip=\skip48
)
(/usr/share/texmf/tex/latex/beamer/beamerbasenavigation.sty
Package: beamerbasenavigation 2005/06/01  (rcs-revision 1.34)
)
(/usr/share/texmf/tex/latex/beamer/beamerbasetheorems.sty
Package: beamerbasetheorems 2005/04/04  (rcs-revision 1.7)

(/usr/share/texmf/tex/latex/amsmath/amsmath.sty
Package: amsmath 2000/07/18 v2.13 AMS math features
\@mathmargin=\skip49

For additional information on amsmath, use the `?' option.
(/usr/share/texmf/tex/latex/amsmath/amstext.sty
Package: amstext 2000/06/29 v2.01

(/usr/share/texmf/tex/latex/amsmath/amsgen.sty
File: amsgen.sty 1999/11/30 v2.0
\@emptytoks=\toks24
\ex@=\dimen167
))
(/usr/share/texmf/tex/latex/amsmath/amsbsy.sty
Package: amsbsy 1999/11/29 v1.2d
\pmbraise@=\dimen168
)
(/usr/share/texmf/tex/latex/amsmath/amsopn.sty
Package: amsopn 1999/12/14 v2.01 operator names
)
\inf@bad=\count133
LaTeX Info: Redefining \frac on input line 211.
\uproot@=\count134
\leftroot@=\count135
LaTeX Info: Redefining \overline on input line 307.
\classnum@=\count136
\DOTSCASE@=\count137
LaTeX Info: Redefining \ldots on input line 379.
LaTeX Info: Redefining \dots on input line 382.
LaTeX Info: Redefining \cdots on input line 467.
\Mathstrutbox@=\box48
\strutbox@=\box49
\big@size=\dimen169
LaTeX Font Info:    Redeclaring font encoding OML on input line 567.
LaTeX Font Info:    Redeclaring font encoding OMS on input line 568.
\macc@depth=\count138
\c@MaxMatrixCols=\count139
\dotsspace@=\muskip10
\c@parentequation=\count140
\dspbrk@lvl=\count141
\tag@help=\toks25
\row@=\count142
\column@=\count143
\maxfields@=\count144
\andhelp@=\toks26
\eqnshift@=\dimen170
\alignsep@=\dimen171
\tagshift@=\dimen172
\tagwidth@=\dimen173
\totwidth@=\dimen174
\lineht@=\dimen175
\@envbody=\toks27
\multlinegap=\skip50
\multlinetaggap=\skip51
\mathdisplay@stack=\toks28
LaTeX Info: Redefining \[ on input line 2666.
LaTeX Info: Redefining \] on input line 2667.
)
(/usr/share/texmf/tex/latex/amscls/amsthm.sty
Package: amsthm 2004/08/06 v2.20
\thm@style=\toks29
\thm@bodyfont=\toks30
\thm@headfont=\toks31
\thm@notefont=\toks32
\thm@headpunct=\toks33
\thm@preskip=\skip52
\thm@postskip=\skip53
\thm@headsep=\skip54
\dth@everypar=\toks34
)
\c@theorem=\count145
)
(/usr/share/texmf/tex/latex/beamer/beamerbasethemes.sty
Package: beamerbasethemes 2004/10/07  (rcs-revision 1.9)
)
(/usr/share/texmf/tex/latex/beamer/themes/theme/beamerthemedefault.sty
Package: beamerthemedefault 2004/10/07  (rcs-revision 1.6)

(/usr/share/texmf/tex/latex/beamer/themes/font/beamerfontthemedefault.sty
Package: beamerfontthemedefault 2005/03/15  (rcs-revision 1.12)
)
(/usr/share/texmf/tex/latex/beamer/themes/color/beamercolorthemedefault.sty
Package: beamercolorthemedefault 2005/03/15  (rcs-revision 1.27)
)
(/usr/share/texmf/tex/latex/beamer/themes/inner/beamerinnerthemedefault.sty
Package: beamerinnerthemedefault 2005/06/17  (rcs-revision 1.19)
\beamer@dima=\dimen176
\beamer@dimb=\dimen177
)
(/usr/share/texmf/tex/latex/beamer/themes/outer/beamerouterthemedefault.sty
Package: beamerouterthemedefault 2005/06/09  (rcs-revision 1.13)
)))
(./DeltaZDistributions.aux)
\openout1 = `DeltaZDistributions.aux'.

LaTeX Font Info:    Checking defaults for OML/cmm/m/it on input line 5.
LaTeX Font Info:    ... okay on input line 5.
LaTeX Font Info:    Checking defaults for T1/cmr/m/n on input line 5.
LaTeX Font Info:    ... okay on input line 5.
LaTeX Font Info:    Checking defaults for OT1/cmr/m/n on input line 5.
LaTeX Font Info:    ... okay on input line 5.
LaTeX Font Info:    Checking defaults for OMS/cmsy/m/n on input line 5.
LaTeX Font Info:    ... okay on input line 5.
LaTeX Font Info:    Checking defaults for OMX/cmex/m/n on input line 5.
LaTeX Font Info:    ... okay on input line 5.
LaTeX Font Info:    Checking defaults for U/cmr/m/n on input line 5.
LaTeX Font Info:    ... okay on input line 5.
LaTeX Font Info:    Checking defaults for PD1/pdf/m/n on input line 5.
LaTeX Font Info:    ... okay on input line 5.
-------------------- Geometry parameters
paper: user defined
landscape: --
twocolumn: --
twoside: --
asymmetric: --
h-parts: 28.45274pt, 307.28987pt, 28.45274pt
v-parts: 0.0pt, 273.14662pt, 0.0pt
hmarginratio: --
vmarginratio: --
lines: --
heightrounded: --
bindingoffset: 0.0pt
truedimen: --
includehead: true
includefoot: true
includemp: --
driver: pdftex
-------------------- Page layout dimensions and switches
\paperwidth  364.19536pt
\paperheight 273.14662pt
\textwidth  307.28987pt
\textheight 244.6939pt
\oddsidemargin  -43.81725pt
\evensidemargin -43.81725pt
\topmargin  -72.26999pt
\headheight 14.22636pt
\headsep    0.0pt
\footskip   14.22636pt
\marginparwidth 4.0pt
\marginparsep   10.0pt
\columnsep  10.0pt
\skip\footins  7.0pt plus 4.0pt minus 2.0pt
\hoffset 0.0pt
\voffset 0.0pt
\mag 1000

(1in=72.27pt, 1cm=28.45pt)
-----------------------
Package hyperref Info: Link coloring OFF on input line 5.
 (/usr/share/texmf/tex/latex/hyperref/nameref.sty
Package: nameref 2006/12/27 v2.28 Cross-referencing by name of section

(/usr/share/texmf/tex/latex/oberdiek/refcount.sty
Package: refcount 2006/02/20 v3.0 Data extraction from references (HO)
)
\c@section@level=\count146
)
LaTeX Info: Redefining \ref on input line 5.
LaTeX Info: Redefining \pageref on input line 5.
 (./DeltaZDistributions.out) (./DeltaZDistributions.out)
\@outlinefile=\write4
\openout4 = `DeltaZDistributions.out'.

LaTeX Font Info:    Overwriting symbol font `operators' in version `normal'
(Font)                  OT1/cmr/m/n --> OT1/cmss/m/n on input line 5.
LaTeX Font Info:    Overwriting symbol font `operators' in version `bold'
(Font)                  OT1/cmr/bx/n --> OT1/cmss/bx/n on input line 5.
\symnumbers=\mathgroup6
\sympureletters=\mathgroup7
LaTeX Font Info:    Overwriting math alphabet `\mathrm' in version `normal'
(Font)                  OT1/cmss/m/n --> OT1/cmr/m/n on input line 5.
LaTeX Font Info:    Redeclaring math alphabet \mathbf on input line 5.
LaTeX Font Info:    Overwriting math alphabet `\mathbf' in version `normal'
(Font)                  OT1/cmr/bx/n --> OT1/cmss/bx/n on input line 5.
LaTeX Font Info:    Overwriting math alphabet `\mathbf' in version `bold'
(Font)                  OT1/cmr/bx/n --> OT1/cmss/bx/n on input line 5.
LaTeX Font Info:    Redeclaring math alphabet \mathsf on input line 5.
LaTeX Font Info:    Overwriting math alphabet `\mathsf' in version `normal'
(Font)                  OT1/cmss/m/n --> OT1/cmss/m/n on input line 5.
LaTeX Font Info:    Overwriting math alphabet `\mathsf' in version `bold'
(Font)                  OT1/cmss/bx/n --> OT1/cmss/m/n on input line 5.
LaTeX Font Info:    Redeclaring math alphabet \mathit on input line 5.
LaTeX Font Info:    Overwriting math alphabet `\mathit' in version `normal'
(Font)                  OT1/cmr/m/it --> OT1/cmss/m/it on input line 5.
LaTeX Font Info:    Overwriting math alphabet `\mathit' in version `bold'
(Font)                  OT1/cmr/bx/it --> OT1/cmss/m/it on input line 5.
LaTeX Font Info:    Redeclaring math alphabet \mathtt on input line 5.
LaTeX Font Info:    Overwriting math alphabet `\mathtt' in version `normal'
(Font)                  OT1/cmtt/m/n --> OT1/cmtt/m/n on input line 5.
LaTeX Font Info:    Overwriting math alphabet `\mathtt' in version `bold'
(Font)                  OT1/cmtt/m/n --> OT1/cmtt/m/n on input line 5.
LaTeX Font Info:    Overwriting symbol font `numbers' in version `bold'
(Font)                  OT1/cmss/m/n --> OT1/cmss/bx/n on input line 5.
LaTeX Font Info:    Overwriting symbol font `pureletters' in version `bold'
(Font)                  OT1/cmss/m/it --> OT1/cmss/bx/it on input line 5.
LaTeX Font Info:    Overwriting math alphabet `\mathrm' in version `bold'
(Font)                  OT1/cmss/bx/n --> OT1/cmr/bx/n on input line 5.
LaTeX Font Info:    Overwriting math alphabet `\mathbf' in version `bold'
(Font)                  OT1/cmss/bx/n --> OT1/cmss/bx/n on input line 5.
LaTeX Font Info:    Overwriting math alphabet `\mathsf' in version `bold'
(Font)                  OT1/cmss/m/n --> OT1/cmss/bx/n on input line 5.
LaTeX Font Info:    Overwriting math alphabet `\mathit' in version `bold'
(Font)                  OT1/cmss/m/it --> OT1/cmss/bx/it on input line 5.
LaTeX Font Info:    Overwriting math alphabet `\mathtt' in version `bold'
(Font)                  OT1/cmtt/m/n --> OT1/cmtt/bx/n on input line 5.
 (./DeltaZDistributions.nav)

LaTeX Font Warning: Font shape `OT1/cmss/m/n' in size <4> not available
(Font)              size <5> substituted on input line 9.

[1

{/usr/share/texmf/fonts/map/pdftex/updmap/pdftex.map}]
<h_dz_BCID1_NTrkCut3.pdf, id=40, 569.12625pt x 408.52625pt>
File: h_dz_BCID1_NTrkCut3.pdf Graphic file (type pdf)

<use h_dz_BCID1_NTrkCut3.pdf> [2

 <./h_dz_BCID1_NTrkCut3.pdf, page is rotated 90 degrees>] <h_dz_BCID721_NTrkCut
3.pdf, id=110, 569.12625pt x 408.52625pt>
File: h_dz_BCID721_NTrkCut3.pdf Graphic file (type pdf)

<use h_dz_BCID721_NTrkCut3.pdf> [3

 <./h_dz_BCID721_NTrkCut3.pdf, page is rotated 90 degrees>] <h_dz_BCID1821_NTrk
Cut3.pdf, id=180, 569.12625pt x 408.52625pt>
File: h_dz_BCID1821_NTrkCut3.pdf Graphic file (type pdf)

<use h_dz_BCID1821_NTrkCut3.pdf> [4

 <./h_dz_BCID1821_NTrkCut3.pdf, page is rotated 90 degrees>] <h_dz_BCID1_NTrkCu
t4.pdf, id=250, 569.12625pt x 408.52625pt>
File: h_dz_BCID1_NTrkCut4.pdf Graphic file (type pdf)

<use h_dz_BCID1_NTrkCut4.pdf> [5

 <./h_dz_BCID1_NTrkCut4.pdf, page is rotated 90 degrees>] <h_dz_BCID721_NTrkCut
4.pdf, id=320, 569.12625pt x 408.52625pt>
File: h_dz_BCID721_NTrkCut4.pdf Graphic file (type pdf)

<use h_dz_BCID721_NTrkCut4.pdf> [6

 <./h_dz_BCID721_NTrkCut4.pdf, page is rotated 90 degrees>] <h_dz_BCID1821_NTrk
Cut4.pdf, id=390, 569.12625pt x 408.52625pt>
File: h_dz_BCID1821_NTrkCut4.pdf Graphic file (type pdf)

<use h_dz_BCID1821_NTrkCut4.pdf> [7

 <./h_dz_BCID1821_NTrkCut4.pdf, page is rotated 90 degrees>] <h_dz_BCID1_NTrkCu
t5.pdf, id=461, 569.12625pt x 408.52625pt>
File: h_dz_BCID1_NTrkCut5.pdf Graphic file (type pdf)

<use h_dz_BCID1_NTrkCut5.pdf> [8

 <./h_dz_BCID1_NTrkCut5.pdf, page is rotated 90 degrees>] <h_dz_BCID721_NTrkCut
5.pdf, id=531, 569.12625pt x 408.52625pt>
File: h_dz_BCID721_NTrkCut5.pdf Graphic file (type pdf)

<use h_dz_BCID721_NTrkCut5.pdf> [9

 <./h_dz_BCID721_NTrkCut5.pdf, page is rotated 90 degrees>] <h_dz_BCID1821_NTrk
Cut5.pdf, id=601, 569.12625pt x 408.52625pt>
File: h_dz_BCID1821_NTrkCut5.pdf Graphic file (type pdf)

<use h_dz_BCID1821_NTrkCut5.pdf> [10

 <./h_dz_BCID1821_NTrkCut5.pdf, page is rotated 90 degrees>] <h_dz_BCID1_NTrkCu
t6.pdf, id=671, 569.12625pt x 408.52625pt>
File: h_dz_BCID1_NTrkCut6.pdf Graphic file (type pdf)

<use h_dz_BCID1_NTrkCut6.pdf> [11

 <./h_dz_BCID1_NTrkCut6.pdf, page is rotated 90 degrees>] <h_dz_BCID721_NTrkCut
6.pdf, id=741, 569.12625pt x 408.52625pt>
File: h_dz_BCID721_NTrkCut6.pdf Graphic file (type pdf)

<use h_dz_BCID721_NTrkCut6.pdf> [12

 <./h_dz_BCID721_NTrkCut6.pdf, page is rotated 90 degrees>]
<h_dz_BCID1821_NTrkCut6.pdf, id=811, 569.12625pt x 408.52625pt>
File: h_dz_BCID1821_NTrkCut6.pdf Graphic file (type pdf)

<use h_dz_BCID1821_NTrkCut6.pdf> [13

 <./h_dz_BCID1821_NTrkCut6.pdf, page is rotated 90 degrees>] <h_dz_BCID1_NTrkCu
t7.pdf, id=882, 569.12625pt x 408.52625pt>
File: h_dz_BCID1_NTrkCut7.pdf Graphic file (type pdf)

<use h_dz_BCID1_NTrkCut7.pdf> [14

 <./h_dz_BCID1_NTrkCut7.pdf, page is rotated 90 degrees>] <h_dz_BCID721_NTrkCut
7.pdf, id=952, 569.12625pt x 408.52625pt>
File: h_dz_BCID721_NTrkCut7.pdf Graphic file (type pdf)

<use h_dz_BCID721_NTrkCut7.pdf> [15

 <./h_dz_BCID721_NTrkCut7.pdf, page is rotated 90 degrees>]
<h_dz_BCID1821_NTrkCut7.pdf, id=1022, 569.12625pt x 408.52625pt>
File: h_dz_BCID1821_NTrkCut7.pdf Graphic file (type pdf)

<use h_dz_BCID1821_NTrkCut7.pdf> [16

 <./h_dz_BCID1821_NTrkCut7.pdf, page is rotated 90 degrees>]
<h_dz_BCID1_NTrkCut8.pdf, id=1092, 569.12625pt x 408.52625pt>
File: h_dz_BCID1_NTrkCut8.pdf Graphic file (type pdf)

<use h_dz_BCID1_NTrkCut8.pdf> [17

 <./h_dz_BCID1_NTrkCut8.pdf, page is rotated 90 degrees>] <h_dz_BCID721_NTrkCut
8.pdf, id=1162, 569.12625pt x 408.52625pt>
File: h_dz_BCID721_NTrkCut8.pdf Graphic file (type pdf)

<use h_dz_BCID721_NTrkCut8.pdf> [18

 <./h_dz_BCID721_NTrkCut8.pdf, page is rotated 90 degrees>]
<h_dz_BCID1821_NTrkCut8.pdf, id=1232, 569.12625pt x 408.52625pt>
File: h_dz_BCID1821_NTrkCut8.pdf Graphic file (type pdf)

<use h_dz_BCID1821_NTrkCut8.pdf> [19

 <./h_dz_BCID1821_NTrkCut8.pdf, page is rotated 90 degrees>]
<h_dz_BCID1_NTrkCut10.pdf, id=1303, 569.12625pt x 408.52625pt>
File: h_dz_BCID1_NTrkCut10.pdf Graphic file (type pdf)

<use h_dz_BCID1_NTrkCut10.pdf> [20

 <./h_dz_BCID1_NTrkCut10.pdf, page is rotated 90 degrees>] <h_dz_BCID721_NTrkCu
t10.pdf, id=1373, 569.12625pt x 408.52625pt>
File: h_dz_BCID721_NTrkCut10.pdf Graphic file (type pdf)

<use h_dz_BCID721_NTrkCut10.pdf> [21

 <./h_dz_BCID721_NTrkCut10.pdf, page is rotated 90 degrees>]
<h_dz_BCID1821_NTrkCut10.pdf, id=1443, 569.12625pt x 408.52625pt>
File: h_dz_BCID1821_NTrkCut10.pdf Graphic file (type pdf)

<use h_dz_BCID1821_NTrkCut10.pdf> [22

 <./h_dz_BCID1821_NTrkCut10.pdf, page is rotated 90 degrees>] [23

]
<h_dz_NTrkCut3.pdf, id=1538, 569.12625pt x 408.52625pt>
File: h_dz_NTrkCut3.pdf Graphic file (type pdf)

<use h_dz_NTrkCut3.pdf> [24

 <./h_dz_NTrkCut3.pdf, page is rotated 90 degrees>]
<h_dz_NTrkCut4.pdf, id=1608, 569.12625pt x 408.52625pt>
File: h_dz_NTrkCut4.pdf Graphic file (type pdf)

<use h_dz_NTrkCut4.pdf> [25

 <./h_dz_NTrkCut4.pdf, page is rotated 90 degrees>]
<h_dz_NTrkCut5.pdf, id=1679, 569.12625pt x 408.52625pt>
File: h_dz_NTrkCut5.pdf Graphic file (type pdf)

<use h_dz_NTrkCut5.pdf> [26

 <./h_dz_NTrkCut5.pdf, page is rotated 90 degrees>]
<h_dz_NTrkCut6.pdf, id=1749, 569.12625pt x 408.52625pt>
File: h_dz_NTrkCut6.pdf Graphic file (type pdf)

<use h_dz_NTrkCut6.pdf> [27

 <./h_dz_NTrkCut6.pdf, page is rotated 90 degrees>]
<h_dz_NTrkCut7.pdf, id=1819, 569.12625pt x 408.52625pt>
File: h_dz_NTrkCut7.pdf Graphic file (type pdf)

<use h_dz_NTrkCut7.pdf> [28

 <./h_dz_NTrkCut7.pdf, page is rotated 90 degrees>]
<h_dz_NTrkCut8.pdf, id=1889, 569.12625pt x 408.52625pt>
File: h_dz_NTrkCut8.pdf Graphic file (type pdf)

<use h_dz_NTrkCut8.pdf> [29

 <./h_dz_NTrkCut8.pdf, page is rotated 90 degrees>]
<h_dz_NTrkCut10.pdf, id=1959, 569.12625pt x 408.52625pt>
File: h_dz_NTrkCut10.pdf Graphic file (type pdf)

<use h_dz_NTrkCut10.pdf> [30

 <./h_dz_NTrkCut10.pdf, page is rotated 90 degrees>] [31

] <h_dz_NGenInt2_NTrk3.pdf, id=2055, 569.12625pt x 408.52625pt>
File: h_dz_NGenInt2_NTrk3.pdf Graphic file (type pdf)

<use h_dz_NGenInt2_NTrk3.pdf> [32

 <./h_dz_NGenInt2_NTrk3.pdf, page is rotated 90 degrees>] <h_dz_NGenInt3_NTrk3.
pdf, id=2125, 569.12625pt x 408.52625pt>
File: h_dz_NGenInt3_NTrk3.pdf Graphic file (type pdf)

<use h_dz_NGenInt3_NTrk3.pdf> [33

 <./h_dz_NGenInt3_NTrk3.pdf, page is rotated 90 degrees>] <h_dz_NGenInt4_NTrk3.
pdf, id=2195, 569.12625pt x 408.52625pt>
File: h_dz_NGenInt4_NTrk3.pdf Graphic file (type pdf)

<use h_dz_NGenInt4_NTrk3.pdf> [34

 <./h_dz_NGenInt4_NTrk3.pdf, page is rotated 90 degrees>] <h_dz_NGenInt5_NTrk3.
pdf, id=2265, 569.12625pt x 408.52625pt>
File: h_dz_NGenInt5_NTrk3.pdf Graphic file (type pdf)

<use h_dz_NGenInt5_NTrk3.pdf> [35

 <./h_dz_NGenInt5_NTrk3.pdf, page is rotated 90 degrees>] <h_dz_NGenInt6_NTrk3.
pdf, id=2335, 569.12625pt x 408.52625pt>
File: h_dz_NGenInt6_NTrk3.pdf Graphic file (type pdf)

<use h_dz_NGenInt6_NTrk3.pdf> [36

 <./h_dz_NGenInt6_NTrk3.pdf, page is rotated 90 degrees>] <h_dz_NGenInt7_NTrk3.
pdf, id=2405, 569.12625pt x 408.52625pt>
File: h_dz_NGenInt7_NTrk3.pdf Graphic file (type pdf)

<use h_dz_NGenInt7_NTrk3.pdf> [37

 <./h_dz_NGenInt7_NTrk3.pdf, page is rotated 90 degrees>] <h_dz_NGenInt8_NTrk3.
pdf, id=2476, 569.12625pt x 408.52625pt>
File: h_dz_NGenInt8_NTrk3.pdf Graphic file (type pdf)

<use h_dz_NGenInt8_NTrk3.pdf> [38

 <./h_dz_NGenInt8_NTrk3.pdf, page is rotated 90 degrees>] <h_dz_NGenInt9_NTrk3.
pdf, id=2546, 569.12625pt x 408.52625pt>
File: h_dz_NGenInt9_NTrk3.pdf Graphic file (type pdf)

<use h_dz_NGenInt9_NTrk3.pdf> [39

 <./h_dz_NGenInt9_NTrk3.pdf, page is rotated 90 degrees>] <h_dz_NGenInt10_NTrk3
.pdf, id=2616, 569.12625pt x 408.52625pt>
File: h_dz_NGenInt10_NTrk3.pdf Graphic file (type pdf)

<use h_dz_NGenInt10_NTrk3.pdf> [40

 <./h_dz_NGenInt10_NTrk3.pdf, page is rotated 90 degrees>] <h_dz_NGenInt11_NTrk
3.pdf, id=2686, 569.12625pt x 408.52625pt>
File: h_dz_NGenInt11_NTrk3.pdf Graphic file (type pdf)

<use h_dz_NGenInt11_NTrk3.pdf> [41

 <./h_dz_NGenInt11_NTrk3.pdf, page is rotated 90 degrees>] <h_dz_NGenInt12_NTrk
3.pdf, id=2756, 569.12625pt x 408.52625pt>
File: h_dz_NGenInt12_NTrk3.pdf Graphic file (type pdf)

<use h_dz_NGenInt12_NTrk3.pdf> [42

 <./h_dz_NGenInt12_NTrk3.pdf, page is rotated 90 degrees>] <h_dz_NGenInt13_NTrk
3.pdf, id=2826, 569.12625pt x 408.52625pt>
File: h_dz_NGenInt13_NTrk3.pdf Graphic file (type pdf)

<use h_dz_NGenInt13_NTrk3.pdf> [43

 <./h_dz_NGenInt13_NTrk3.pdf, page is rotated 90 degrees>] <h_dz_NGenInt14_NTrk
3.pdf, id=2897, 569.12625pt x 408.52625pt>
File: h_dz_NGenInt14_NTrk3.pdf Graphic file (type pdf)

<use h_dz_NGenInt14_NTrk3.pdf> [44

 <./h_dz_NGenInt14_NTrk3.pdf, page is rotated 90 degrees>] <h_dz_NGenInt15_NTrk
3.pdf, id=2967, 569.12625pt x 408.52625pt>
File: h_dz_NGenInt15_NTrk3.pdf Graphic file (type pdf)

<use h_dz_NGenInt15_NTrk3.pdf> [45

 <./h_dz_NGenInt15_NTrk3.pdf, page is rotated 90 degrees>] <h_dz_NGenInt16_NTrk
3.pdf, id=3037, 569.12625pt x 408.52625pt>
File: h_dz_NGenInt16_NTrk3.pdf Graphic file (type pdf)

<use h_dz_NGenInt16_NTrk3.pdf> [46

 <./h_dz_NGenInt16_NTrk3.pdf, page is rotated 90 degrees>] <h_dz_NGenInt17_NTrk
3.pdf, id=3107, 569.12625pt x 408.52625pt>
File: h_dz_NGenInt17_NTrk3.pdf Graphic file (type pdf)

<use h_dz_NGenInt17_NTrk3.pdf> [47

 <./h_dz_NGenInt17_NTrk3.pdf, page is rotated 90 degrees>] <h_dz_NGenInt18_NTrk
3.pdf, id=3177, 569.12625pt x 408.52625pt>
File: h_dz_NGenInt18_NTrk3.pdf Graphic file (type pdf)

<use h_dz_NGenInt18_NTrk3.pdf> [48

 <./h_dz_NGenInt18_NTrk3.pdf, page is rotated 90 degrees>] <h_dz_NGenInt19_NTrk
3.pdf, id=3247, 569.12625pt x 408.52625pt>
File: h_dz_NGenInt19_NTrk3.pdf Graphic file (type pdf)

<use h_dz_NGenInt19_NTrk3.pdf> [49

 <./h_dz_NGenInt19_NTrk3.pdf, page is rotated 90 degrees>] <h_dz_NGenInt20_NTrk
3.pdf, id=3318, 569.12625pt x 408.52625pt>
File: h_dz_NGenInt20_NTrk3.pdf Graphic file (type pdf)

<use h_dz_NGenInt20_NTrk3.pdf> [50

 <./h_dz_NGenInt20_NTrk3.pdf, page is rotated 90 degrees>] <h_dz_NGenInt21_NTrk
3.pdf, id=3388, 569.12625pt x 408.52625pt>
File: h_dz_NGenInt21_NTrk3.pdf Graphic file (type pdf)

<use h_dz_NGenInt21_NTrk3.pdf> [51

 <./h_dz_NGenInt21_NTrk3.pdf, page is rotated 90 degrees>] <h_dz_NGenInt22_NTrk
3.pdf, id=3458, 569.12625pt x 408.52625pt>
File: h_dz_NGenInt22_NTrk3.pdf Graphic file (type pdf)

<use h_dz_NGenInt22_NTrk3.pdf> [52

 <./h_dz_NGenInt22_NTrk3.pdf, page is rotated 90 degrees>] <h_dz_NGenInt23_NTrk
3.pdf, id=3528, 569.12625pt x 408.52625pt>
File: h_dz_NGenInt23_NTrk3.pdf Graphic file (type pdf)

<use h_dz_NGenInt23_NTrk3.pdf> [53

 <./h_dz_NGenInt23_NTrk3.pdf, page is rotated 90 degrees>] <h_dz_NGenInt24_NTrk
3.pdf, id=3598, 569.12625pt x 408.52625pt>
File: h_dz_NGenInt24_NTrk3.pdf Graphic file (type pdf)

<use h_dz_NGenInt24_NTrk3.pdf> [54

 <./h_dz_NGenInt24_NTrk3.pdf, page is rotated 90 degrees>] <h_dz_NGenInt25_NTrk
3.pdf, id=3668, 569.12625pt x 408.52625pt>
File: h_dz_NGenInt25_NTrk3.pdf Graphic file (type pdf)

<use h_dz_NGenInt25_NTrk3.pdf> [55

 <./h_dz_NGenInt25_NTrk3.pdf, page is rotated 90 degrees>] <h_dz_NGenInt26_NTrk
3.pdf, id=3739, 569.12625pt x 408.52625pt>
File: h_dz_NGenInt26_NTrk3.pdf Graphic file (type pdf)

<use h_dz_NGenInt26_NTrk3.pdf> [56

 <./h_dz_NGenInt26_NTrk3.pdf, page is rotated 90 degrees>] <h_dz_NGenInt27_NTrk
3.pdf, id=3809, 569.12625pt x 408.52625pt>
File: h_dz_NGenInt27_NTrk3.pdf Graphic file (type pdf)

<use h_dz_NGenInt27_NTrk3.pdf> [57

 <./h_dz_NGenInt27_NTrk3.pdf, page is rotated 90 degrees>] <h_dz_NGenInt28_NTrk
3.pdf, id=3879, 569.12625pt x 408.52625pt>
File: h_dz_NGenInt28_NTrk3.pdf Graphic file (type pdf)

<use h_dz_NGenInt28_NTrk3.pdf> [58

 <./h_dz_NGenInt28_NTrk3.pdf, page is rotated 90 degrees>] <h_dz_NGenInt29_NTrk
3.pdf, id=3949, 569.12625pt x 408.52625pt>
File: h_dz_NGenInt29_NTrk3.pdf Graphic file (type pdf)

<use h_dz_NGenInt29_NTrk3.pdf> [59

 <./h_dz_NGenInt29_NTrk3.pdf, page is rotated 90 degrees>] <h_dz_NGenInt30_NTrk
3.pdf, id=4019, 569.12625pt x 408.52625pt>
File: h_dz_NGenInt30_NTrk3.pdf Graphic file (type pdf)

<use h_dz_NGenInt30_NTrk3.pdf> [60

 <./h_dz_NGenInt30_NTrk3.pdf, page is rotated 90 degrees>] <h_dz_NGenInt2_NTrk4
.pdf, id=4089, 569.12625pt x 408.52625pt>
File: h_dz_NGenInt2_NTrk4.pdf Graphic file (type pdf)

<use h_dz_NGenInt2_NTrk4.pdf> [61

 <./h_dz_NGenInt2_NTrk4.pdf, page is rotated 90 degrees>] <h_dz_NGenInt3_NTrk4.
pdf, id=4160, 569.12625pt x 408.52625pt>
File: h_dz_NGenInt3_NTrk4.pdf Graphic file (type pdf)

<use h_dz_NGenInt3_NTrk4.pdf> [62

 <./h_dz_NGenInt3_NTrk4.pdf, page is rotated 90 degrees>] <h_dz_NGenInt4_NTrk4.
pdf, id=4230, 569.12625pt x 408.52625pt>
File: h_dz_NGenInt4_NTrk4.pdf Graphic file (type pdf)

<use h_dz_NGenInt4_NTrk4.pdf> [63

 <./h_dz_NGenInt4_NTrk4.pdf, page is rotated 90 degrees>] <h_dz_NGenInt5_NTrk4.
pdf, id=4300, 569.12625pt x 408.52625pt>
File: h_dz_NGenInt5_NTrk4.pdf Graphic file (type pdf)

<use h_dz_NGenInt5_NTrk4.pdf> [64

 <./h_dz_NGenInt5_NTrk4.pdf, page is rotated 90 degrees>] <h_dz_NGenInt6_NTrk4.
pdf, id=4370, 569.12625pt x 408.52625pt>
File: h_dz_NGenInt6_NTrk4.pdf Graphic file (type pdf)

<use h_dz_NGenInt6_NTrk4.pdf> [65

 <./h_dz_NGenInt6_NTrk4.pdf, page is rotated 90 degrees>] <h_dz_NGenInt7_NTrk4.
pdf, id=4440, 569.12625pt x 408.52625pt>
File: h_dz_NGenInt7_NTrk4.pdf Graphic file (type pdf)

<use h_dz_NGenInt7_NTrk4.pdf> [66

 <./h_dz_NGenInt7_NTrk4.pdf, page is rotated 90 degrees>] <h_dz_NGenInt8_NTrk4.
pdf, id=4510, 569.12625pt x 408.52625pt>
File: h_dz_NGenInt8_NTrk4.pdf Graphic file (type pdf)

<use h_dz_NGenInt8_NTrk4.pdf> [67

 <./h_dz_NGenInt8_NTrk4.pdf, page is rotated 90 degrees>] <h_dz_NGenInt9_NTrk4.
pdf, id=4581, 569.12625pt x 408.52625pt>
File: h_dz_NGenInt9_NTrk4.pdf Graphic file (type pdf)

<use h_dz_NGenInt9_NTrk4.pdf> [68

 <./h_dz_NGenInt9_NTrk4.pdf, page is rotated 90 degrees>] <h_dz_NGenInt10_NTrk4
.pdf, id=4651, 569.12625pt x 408.52625pt>
File: h_dz_NGenInt10_NTrk4.pdf Graphic file (type pdf)

<use h_dz_NGenInt10_NTrk4.pdf> [69

 <./h_dz_NGenInt10_NTrk4.pdf, page is rotated 90 degrees>] <h_dz_NGenInt11_NTrk
4.pdf, id=4721, 569.12625pt x 408.52625pt>
File: h_dz_NGenInt11_NTrk4.pdf Graphic file (type pdf)

<use h_dz_NGenInt11_NTrk4.pdf> [70

 <./h_dz_NGenInt11_NTrk4.pdf, page is rotated 90 degrees>] <h_dz_NGenInt12_NTrk
4.pdf, id=4791, 569.12625pt x 408.52625pt>
File: h_dz_NGenInt12_NTrk4.pdf Graphic file (type pdf)

<use h_dz_NGenInt12_NTrk4.pdf> [71

 <./h_dz_NGenInt12_NTrk4.pdf, page is rotated 90 degrees>] <h_dz_NGenInt13_NTrk
4.pdf, id=4861, 569.12625pt x 408.52625pt>
File: h_dz_NGenInt13_NTrk4.pdf Graphic file (type pdf)

<use h_dz_NGenInt13_NTrk4.pdf> [72

 <./h_dz_NGenInt13_NTrk4.pdf, page is rotated 90 degrees>] <h_dz_NGenInt14_NTrk
4.pdf, id=4931, 569.12625pt x 408.52625pt>
File: h_dz_NGenInt14_NTrk4.pdf Graphic file (type pdf)

<use h_dz_NGenInt14_NTrk4.pdf> [73

 <./h_dz_NGenInt14_NTrk4.pdf, page is rotated 90 degrees>] <h_dz_NGenInt15_NTrk
4.pdf, id=5002, 569.12625pt x 408.52625pt>
File: h_dz_NGenInt15_NTrk4.pdf Graphic file (type pdf)

<use h_dz_NGenInt15_NTrk4.pdf> [74

 <./h_dz_NGenInt15_NTrk4.pdf, page is rotated 90 degrees>] <h_dz_NGenInt16_NTrk
4.pdf, id=5072, 569.12625pt x 408.52625pt>
File: h_dz_NGenInt16_NTrk4.pdf Graphic file (type pdf)

<use h_dz_NGenInt16_NTrk4.pdf> [75

 <./h_dz_NGenInt16_NTrk4.pdf, page is rotated 90 degrees>] <h_dz_NGenInt17_NTrk
4.pdf, id=5142, 569.12625pt x 408.52625pt>
File: h_dz_NGenInt17_NTrk4.pdf Graphic file (type pdf)

<use h_dz_NGenInt17_NTrk4.pdf> [76

 <./h_dz_NGenInt17_NTrk4.pdf, page is rotated 90 degrees>] <h_dz_NGenInt18_NTrk
4.pdf, id=5212, 569.12625pt x 408.52625pt>
File: h_dz_NGenInt18_NTrk4.pdf Graphic file (type pdf)

<use h_dz_NGenInt18_NTrk4.pdf> [77

 <./h_dz_NGenInt18_NTrk4.pdf, page is rotated 90 degrees>] <h_dz_NGenInt19_NTrk
4.pdf, id=5282, 569.12625pt x 408.52625pt>
File: h_dz_NGenInt19_NTrk4.pdf Graphic file (type pdf)

<use h_dz_NGenInt19_NTrk4.pdf> [78

 <./h_dz_NGenInt19_NTrk4.pdf, page is rotated 90 degrees>] <h_dz_NGenInt20_NTrk
4.pdf, id=5352, 569.12625pt x 408.52625pt>
File: h_dz_NGenInt20_NTrk4.pdf Graphic file (type pdf)

<use h_dz_NGenInt20_NTrk4.pdf> [79

 <./h_dz_NGenInt20_NTrk4.pdf, page is rotated 90 degrees>] <h_dz_NGenInt21_NTrk
4.pdf, id=5423, 569.12625pt x 408.52625pt>
File: h_dz_NGenInt21_NTrk4.pdf Graphic file (type pdf)

<use h_dz_NGenInt21_NTrk4.pdf> [80

 <./h_dz_NGenInt21_NTrk4.pdf, page is rotated 90 degrees>] <h_dz_NGenInt22_NTrk
4.pdf, id=5493, 569.12625pt x 408.52625pt>
File: h_dz_NGenInt22_NTrk4.pdf Graphic file (type pdf)

<use h_dz_NGenInt22_NTrk4.pdf> [81

 <./h_dz_NGenInt22_NTrk4.pdf, page is rotated 90 degrees>] <h_dz_NGenInt23_NTrk
4.pdf, id=5563, 569.12625pt x 408.52625pt>
File: h_dz_NGenInt23_NTrk4.pdf Graphic file (type pdf)

<use h_dz_NGenInt23_NTrk4.pdf> [82

 <./h_dz_NGenInt23_NTrk4.pdf, page is rotated 90 degrees>] <h_dz_NGenInt24_NTrk
4.pdf, id=5633, 569.12625pt x 408.52625pt>
File: h_dz_NGenInt24_NTrk4.pdf Graphic file (type pdf)

<use h_dz_NGenInt24_NTrk4.pdf> [83

 <./h_dz_NGenInt24_NTrk4.pdf, page is rotated 90 degrees>] <h_dz_NGenInt25_NTrk
4.pdf, id=5703, 569.12625pt x 408.52625pt>
File: h_dz_NGenInt25_NTrk4.pdf Graphic file (type pdf)

<use h_dz_NGenInt25_NTrk4.pdf> [84

 <./h_dz_NGenInt25_NTrk4.pdf, page is rotated 90 degrees>] <h_dz_NGenInt26_NTrk
4.pdf, id=5773, 569.12625pt x 408.52625pt>
File: h_dz_NGenInt26_NTrk4.pdf Graphic file (type pdf)

<use h_dz_NGenInt26_NTrk4.pdf> [85

 <./h_dz_NGenInt26_NTrk4.pdf, page is rotated 90 degrees>] <h_dz_NGenInt27_NTrk
4.pdf, id=5844, 569.12625pt x 408.52625pt>
File: h_dz_NGenInt27_NTrk4.pdf Graphic file (type pdf)

<use h_dz_NGenInt27_NTrk4.pdf> [86

 <./h_dz_NGenInt27_NTrk4.pdf, page is rotated 90 degrees>] <h_dz_NGenInt28_NTrk
4.pdf, id=5914, 569.12625pt x 408.52625pt>
File: h_dz_NGenInt28_NTrk4.pdf Graphic file (type pdf)

<use h_dz_NGenInt28_NTrk4.pdf> [87

 <./h_dz_NGenInt28_NTrk4.pdf, page is rotated 90 degrees>] <h_dz_NGenInt29_NTrk
4.pdf, id=5984, 569.12625pt x 408.52625pt>
File: h_dz_NGenInt29_NTrk4.pdf Graphic file (type pdf)

<use h_dz_NGenInt29_NTrk4.pdf> [88

 <./h_dz_NGenInt29_NTrk4.pdf, page is rotated 90 degrees>] <h_dz_NGenInt30_NTrk
4.pdf, id=6054, 569.12625pt x 408.52625pt>
File: h_dz_NGenInt30_NTrk4.pdf Graphic file (type pdf)

<use h_dz_NGenInt30_NTrk4.pdf> [89

 <./h_dz_NGenInt30_NTrk4.pdf, page is rotated 90 degrees>] <h_dz_NGenInt2_NTrk5
.pdf, id=6124, 569.12625pt x 408.52625pt>
File: h_dz_NGenInt2_NTrk5.pdf Graphic file (type pdf)

<use h_dz_NGenInt2_NTrk5.pdf> [90

 <./h_dz_NGenInt2_NTrk5.pdf, page is rotated 90 degrees>] <h_dz_NGenInt3_NTrk5.
pdf, id=6194, 569.12625pt x 408.52625pt>
File: h_dz_NGenInt3_NTrk5.pdf Graphic file (type pdf)

<use h_dz_NGenInt3_NTrk5.pdf> [91

 <./h_dz_NGenInt3_NTrk5.pdf, page is rotated 90 degrees>] <h_dz_NGenInt4_NTrk5.
pdf, id=6265, 569.12625pt x 408.52625pt>
File: h_dz_NGenInt4_NTrk5.pdf Graphic file (type pdf)

<use h_dz_NGenInt4_NTrk5.pdf> [92

 <./h_dz_NGenInt4_NTrk5.pdf, page is rotated 90 degrees>] <h_dz_NGenInt5_NTrk5.
pdf, id=6335, 569.12625pt x 408.52625pt>
File: h_dz_NGenInt5_NTrk5.pdf Graphic file (type pdf)

<use h_dz_NGenInt5_NTrk5.pdf> [93

 <./h_dz_NGenInt5_NTrk5.pdf, page is rotated 90 degrees>] <h_dz_NGenInt6_NTrk5.
pdf, id=6405, 569.12625pt x 408.52625pt>
File: h_dz_NGenInt6_NTrk5.pdf Graphic file (type pdf)

<use h_dz_NGenInt6_NTrk5.pdf> [94

 <./h_dz_NGenInt6_NTrk5.pdf, page is rotated 90 degrees>] <h_dz_NGenInt7_NTrk5.
pdf, id=6475, 569.12625pt x 408.52625pt>
File: h_dz_NGenInt7_NTrk5.pdf Graphic file (type pdf)

<use h_dz_NGenInt7_NTrk5.pdf> [95

 <./h_dz_NGenInt7_NTrk5.pdf, page is rotated 90 degrees>] <h_dz_NGenInt8_NTrk5.
pdf, id=6545, 569.12625pt x 408.52625pt>
File: h_dz_NGenInt8_NTrk5.pdf Graphic file (type pdf)

<use h_dz_NGenInt8_NTrk5.pdf> [96

 <./h_dz_NGenInt8_NTrk5.pdf, page is rotated 90 degrees>] <h_dz_NGenInt9_NTrk5.
pdf, id=6615, 569.12625pt x 408.52625pt>
File: h_dz_NGenInt9_NTrk5.pdf Graphic file (type pdf)

<use h_dz_NGenInt9_NTrk5.pdf> [97

 <./h_dz_NGenInt9_NTrk5.pdf, page is rotated 90 degrees>] <h_dz_NGenInt10_NTrk5
.pdf, id=6686, 569.12625pt x 408.52625pt>
File: h_dz_NGenInt10_NTrk5.pdf Graphic file (type pdf)

<use h_dz_NGenInt10_NTrk5.pdf> [98

 <./h_dz_NGenInt10_NTrk5.pdf, page is rotated 90 degrees>] <h_dz_NGenInt11_NTrk
5.pdf, id=6756, 569.12625pt x 408.52625pt>
File: h_dz_NGenInt11_NTrk5.pdf Graphic file (type pdf)

<use h_dz_NGenInt11_NTrk5.pdf> [99

 <./h_dz_NGenInt11_NTrk5.pdf, page is rotated 90 degrees>] <h_dz_NGenInt12_NTrk
5.pdf, id=6826, 569.12625pt x 408.52625pt>
File: h_dz_NGenInt12_NTrk5.pdf Graphic file (type pdf)

<use h_dz_NGenInt12_NTrk5.pdf> [100

 <./h_dz_NGenInt12_NTrk5.pdf, page is rotated 90 degrees>] <h_dz_NGenInt13_NTrk
5.pdf, id=6896, 569.12625pt x 408.52625pt>
File: h_dz_NGenInt13_NTrk5.pdf Graphic file (type pdf)

<use h_dz_NGenInt13_NTrk5.pdf> [101

 <./h_dz_NGenInt13_NTrk5.pdf, page is rotated 90 degrees>] <h_dz_NGenInt14_NTrk
5.pdf, id=6966, 569.12625pt x 408.52625pt>
File: h_dz_NGenInt14_NTrk5.pdf Graphic file (type pdf)

<use h_dz_NGenInt14_NTrk5.pdf> [102

 <./h_dz_NGenInt14_NTrk5.pdf, page is rotated 90 degrees>] <h_dz_NGenInt15_NTrk
5.pdf, id=7036, 569.12625pt x 408.52625pt>
File: h_dz_NGenInt15_NTrk5.pdf Graphic file (type pdf)

<use h_dz_NGenInt15_NTrk5.pdf> [103

 <./h_dz_NGenInt15_NTrk5.pdf, page is rotated 90 degrees>] <h_dz_NGenInt16_NTrk
5.pdf, id=7107, 569.12625pt x 408.52625pt>
File: h_dz_NGenInt16_NTrk5.pdf Graphic file (type pdf)

<use h_dz_NGenInt16_NTrk5.pdf> [104

 <./h_dz_NGenInt16_NTrk5.pdf, page is rotated 90 degrees>] <h_dz_NGenInt17_NTrk
5.pdf, id=7177, 569.12625pt x 408.52625pt>
File: h_dz_NGenInt17_NTrk5.pdf Graphic file (type pdf)

<use h_dz_NGenInt17_NTrk5.pdf> [105

 <./h_dz_NGenInt17_NTrk5.pdf, page is rotated 90 degrees>] <h_dz_NGenInt18_NTrk
5.pdf, id=7247, 569.12625pt x 408.52625pt>
File: h_dz_NGenInt18_NTrk5.pdf Graphic file (type pdf)

<use h_dz_NGenInt18_NTrk5.pdf> [106

 <./h_dz_NGenInt18_NTrk5.pdf, page is rotated 90 degrees>] <h_dz_NGenInt19_NTrk
5.pdf, id=7317, 569.12625pt x 408.52625pt>
File: h_dz_NGenInt19_NTrk5.pdf Graphic file (type pdf)

<use h_dz_NGenInt19_NTrk5.pdf> [107

 <./h_dz_NGenInt19_NTrk5.pdf, page is rotated 90 degrees>] <h_dz_NGenInt20_NTrk
5.pdf, id=7387, 569.12625pt x 408.52625pt>
File: h_dz_NGenInt20_NTrk5.pdf Graphic file (type pdf)

<use h_dz_NGenInt20_NTrk5.pdf> [108

 <./h_dz_NGenInt20_NTrk5.pdf, page is rotated 90 degrees>] <h_dz_NGenInt21_NTrk
5.pdf, id=7457, 569.12625pt x 408.52625pt>
File: h_dz_NGenInt21_NTrk5.pdf Graphic file (type pdf)

<use h_dz_NGenInt21_NTrk5.pdf> [109

 <./h_dz_NGenInt21_NTrk5.pdf, page is rotated 90 degrees>] <h_dz_NGenInt22_NTrk
5.pdf, id=7528, 569.12625pt x 408.52625pt>
File: h_dz_NGenInt22_NTrk5.pdf Graphic file (type pdf)

<use h_dz_NGenInt22_NTrk5.pdf> [110

 <./h_dz_NGenInt22_NTrk5.pdf, page is rotated 90 degrees>] <h_dz_NGenInt23_NTrk
5.pdf, id=7598, 569.12625pt x 408.52625pt>
File: h_dz_NGenInt23_NTrk5.pdf Graphic file (type pdf)

<use h_dz_NGenInt23_NTrk5.pdf> [111

 <./h_dz_NGenInt23_NTrk5.pdf, page is rotated 90 degrees>] <h_dz_NGenInt24_NTrk
5.pdf, id=7668, 569.12625pt x 408.52625pt>
File: h_dz_NGenInt24_NTrk5.pdf Graphic file (type pdf)

<use h_dz_NGenInt24_NTrk5.pdf> [112

 <./h_dz_NGenInt24_NTrk5.pdf, page is rotated 90 degrees>] <h_dz_NGenInt25_NTrk
5.pdf, id=7738, 569.12625pt x 408.52625pt>
File: h_dz_NGenInt25_NTrk5.pdf Graphic file (type pdf)

<use h_dz_NGenInt25_NTrk5.pdf> [113

 <./h_dz_NGenInt25_NTrk5.pdf, page is rotated 90 degrees>] <h_dz_NGenInt26_NTrk
5.pdf, id=7808, 569.12625pt x 408.52625pt>
File: h_dz_NGenInt26_NTrk5.pdf Graphic file (type pdf)

<use h_dz_NGenInt26_NTrk5.pdf> [114

 <./h_dz_NGenInt26_NTrk5.pdf, page is rotated 90 degrees>] <h_dz_NGenInt27_NTrk
5.pdf, id=7878, 569.12625pt x 408.52625pt>
File: h_dz_NGenInt27_NTrk5.pdf Graphic file (type pdf)

<use h_dz_NGenInt27_NTrk5.pdf> [115

 <./h_dz_NGenInt27_NTrk5.pdf, page is rotated 90 degrees>] <h_dz_NGenInt28_NTrk
5.pdf, id=7949, 569.12625pt x 408.52625pt>
File: h_dz_NGenInt28_NTrk5.pdf Graphic file (type pdf)

<use h_dz_NGenInt28_NTrk5.pdf> [116

 <./h_dz_NGenInt28_NTrk5.pdf, page is rotated 90 degrees>] <h_dz_NGenInt29_NTrk
5.pdf, id=8019, 569.12625pt x 408.52625pt>
File: h_dz_NGenInt29_NTrk5.pdf Graphic file (type pdf)

<use h_dz_NGenInt29_NTrk5.pdf> [117

 <./h_dz_NGenInt29_NTrk5.pdf, page is rotated 90 degrees>] <h_dz_NGenInt30_NTrk
5.pdf, id=8088, 569.12625pt x 408.52625pt>
File: h_dz_NGenInt30_NTrk5.pdf Graphic file (type pdf)

<use h_dz_NGenInt30_NTrk5.pdf> [118

 <./h_dz_NGenInt30_NTrk5.pdf, page is rotated 90 degrees>]
\tf@nav=\write5
\openout5 = `DeltaZDistributions.nav'.

\tf@toc=\write6
\openout6 = `DeltaZDistributions.toc'.

\tf@snm=\write7
\openout7 = `DeltaZDistributions.snm'.

 (./DeltaZDistributions.aux)

LaTeX Font Warning: Size substitutions with differences
(Font)              up to 1.0pt have occurred.

 ) 
Here is how much of TeX's memory you used:
 8767 strings out of 256216
 156994 string characters out of 1917073
 224316 words of memory out of 1500000
 11492 multiletter control sequences out of 10000+200000
 4844 words of font info for 18 fonts, out of 1200000 for 2000
 645 hyphenation exceptions out of 8191
 41i,14n,51p,430b,501s stack positions out of 5000i,500n,6000p,200000b,15000s
</usr/share/texmf/fonts/type1/bluesky/cm/cmss10.pfb>
Output written on DeltaZDistributions.pdf (118 pages, 3424156 bytes).
PDF statistics:
 8217 PDF objects out of 8907 (max. 8388607)
 237 named destinations out of 1000 (max. 131072)
 612 words of extra memory for PDF output out of 10000 (max. 10000000)

